<?xml version="1.0" encoding="UTF-8"?>
<!-- Generated by org.testng.reporters.JUnitXMLReporter -->
<testsuite hostname="DESKTOP-KR2QRN8" ignored="0" name="Default test" tests="5" failures="0" timestamp="08 Aug 2021 10:03:30 GMT" time="99.033" errors="0">
  <testcase name="testFirstStep" time="3.749" classname="com.testcase.Test_CurrencyConversion"/>
  <testcase name="testSecondStep" time="24.241" classname="com.testcase.Test_CurrencyConversion"/>
  <testcase name="testThirdStep" time="21.717" classname="com.testcase.Test_CurrencyConversion"/>
  <testcase name="testMenu" time="32.602" classname="com.testcase.Test_CurrencyConversion"/>
  <testcase name="homePageLogo" time="3.69" classname="com.testcase.Test_CurrencyConversion"/>
</testsuite> <!-- Default test -->
